<?xml version="1.0" encoding="UTF-8"?>
<!-- Generated by org.testng.reporters.JUnitReportReporter -->
<testsuite hostname="DESKTOP-T3OTOED" failures="0" tests="16" name="com.pratise.seleniumtest.TestCase" time="69.153" errors="0" timestamp="2020-12-20T19:31:46 IST" skipped="0">
  <testcase classname="com.pratise.seleniumtest.TestCase" name="setDemo" time="3.354"/>
  <system-out/>
  <testcase classname="com.pratise.seleniumtest.TestCase" name="date" time="0.288"/>
  <system-out/>
  <testcase classname="com.pratise.seleniumtest.TestCase" name="dropdown" time="2.223"/>
  <system-out/>
  <testcase classname="com.pratise.seleniumtest.TestCase" name="flight_button" time="3.187"/>
  <system-out/>
  <testcase classname="com.pratise.seleniumtest.TestCase" name="Checking_CheckBox" time="11.773"/>
  <system-out/>
  <testcase classname="com.pratise.seleniumtest.TestCase" name="slider" time="3.690"/>
  <system-out/>
  <testcase classname="com.pratise.seleniumtest.TestCase" name="Uncheck" time="5.279"/>
  <system-out/>
  <testcase classname="com.pratise.seleniumtest.TestCase" name="Flight_booking" time="3.172"/>
  <system-out/>
  <testcase classname="com.pratise.seleniumtest.TestCase" name="Window_handel" time="5.043"/>
  <system-out/>
  <testcase classname="com.pratise.seleniumtest.TestCase" name="Continue_booking" time="9.209"/>
  <system-out/>
  <testcase classname="com.pratise.seleniumtest.TestCase" name="Email" time="4.463"/>
  <system-out/>
  <testcase classname="com.pratise.seleniumtest.TestCase" name="Adult_traveller" time="4.092"/>
  <system-out/>
  <testcase classname="com.pratise.seleniumtest.TestCase" name="Child" time="1.783"/>
  <system-out/>
  <testcase classname="com.pratise.seleniumtest.TestCase" name="Infant" time="1.910"/>
  <system-out/>
  <testcase classname="com.pratise.seleniumtest.TestCase" name="Mobile_number" time="1.246"/>
  <system-out/>
  <testcase classname="com.pratise.seleniumtest.TestCase" name="Continue_button" time="8.441"/>
  <system-out/>
</testsuite> <!-- com.pratise.seleniumtest.TestCase -->
